* using log directory ‘/Users/peterwu/TAMU Google Drive/Shared drives/HuLab/Nichols_Data_mining/tableSMY.Rcheck’
* using R version 3.5.2 (2018-12-20)
* using platform: x86_64-apple-darwin15.6.0 (64-bit)
* using session charset: UTF-8
* using option ‘--as-cran’
* checking for file ‘tableSMY/DESCRIPTION’ ... OK
* checking extension type ... Package
* this is package ‘tableSMY’ version ‘1.0’
* checking CRAN incoming feasibility ... NOTE
Maintainer: ‘Peter I-Fan Wu <peterwu19881230@gmail.com>’

New submission

Package has help file(s) containing build-stage \Sexpr{} expressions but no 'build/partial.rdb' file.

Checking URLs failed with message:
/Users/peterwu/TAMU Google Drive/Shared drives/HuLab/Nichols_Data_mining/general_r/tableSMY package all files/tableSMY/man/tableSMY-package.Rd:6: file './DESCRIPTION' does not exist

The Date field is over a month old.

The build time stamp is missing.
* checking package namespace information ... OK
* checking package dependencies ... OK
* checking if this is a source package ... OK
* checking if there is a namespace ... OK
* checking for executable files ... OK
* checking for hidden files and directories ... OK
* checking for portable file names ... OK
* checking for sufficient/correct file permissions ... OK
* checking serialization versions ... OK
* checking whether package ‘tableSMY’ can be installed ... OK
* checking installed package size ... OK
* checking package directory ... OK
* checking DESCRIPTION meta-information ... NOTE
Checking should be performed on sources prepared by ‘R CMD build’.
* checking top-level files ... NOTE
Non-standard file/directory found at top level:
  ‘Read-and-delete-me’
* checking for left-over files ... OK
* checking index information ... OK
* checking package subdirectories ... OK
* checking R files for non-ASCII characters ... OK
* checking R files for syntax errors ... OK
* checking whether the package can be loaded ... OK
* checking whether the package can be loaded with stated dependencies ... OK
* checking whether the package can be unloaded cleanly ... OK
* checking whether the namespace can be loaded with stated dependencies ... OK
* checking whether the namespace can be unloaded cleanly ... OK
* checking loading without being on the library search path ... OK
* checking use of S3 registration ... OK
* checking dependencies in R code ... OK
* checking S3 generic/method consistency ... OK
* checking replacement functions ... OK
* checking foreign function calls ... OK
* checking R code for possible problems ... NOTE
graphTable: no visible global function definition for
  ‘installed.packages’
graphTable: no visible global function definition for
  ‘install.packages’
graphTable: no visible global function definition for ‘quantile’
Undefined global functions or variables:
  install.packages installed.packages quantile
Consider adding
  importFrom("stats", "quantile")
  importFrom("utils", "install.packages", "installed.packages")
to your NAMESPACE file.
* checking Rd files ... OK
* checking Rd metadata ... OK
* checking Rd line widths ... OK
* checking Rd cross-references ... OK
* checking for missing documentation entries ... OK
* checking for code/documentation mismatches ... OK
* checking Rd \usage sections ... OK
* checking Rd contents ... OK
* checking for unstated dependencies in examples ... OK
* checking examples ... OK
* checking PDF version of manual ... OK
* DONE
Status: 4 NOTEs
